F:\vivado_projects\hls_4ML\axi_port_fixed_point\solution1\.autopilot\db\utils.pp.0.cpp:31216:7: warning: Added loop label VITIS_LOOP_1207_1:   [xilinx-label-all-loops]
      for (i = 0; i < __N - 1; ++i) {
      ^~~
      VITIS_LOOP_1207_1: 
F:\vivado_projects\hls_4ML\axi_port_fixed_point\solution1\.autopilot\db\utils.pp.0.cpp:31216:7: note: FIX-IT applied suggested code changes
F:\vivado_projects\hls_4ML\axi_port_fixed_point\solution1\.autopilot\db\utils.pp.0.cpp:32190:5: warning: Added loop label VITIS_LOOP_676_1:   [xilinx-label-all-loops]
    for (unsigned i = low; i != high; ++i) {
    ^~~
    VITIS_LOOP_676_1: 
F:\vivado_projects\hls_4ML\axi_port_fixed_point\solution1\.autopilot\db\utils.pp.0.cpp:32190:5: note: FIX-IT applied suggested code changes
F:\vivado_projects\hls_4ML\axi_port_fixed_point\solution1\.autopilot\db\utils.pp.0.cpp:32204:5: warning: Added loop label VITIS_LOOP_690_1:   [xilinx-label-all-loops]
    for (unsigned i = low; i != high; ++i) {
    ^~~
    VITIS_LOOP_690_1: 
F:\vivado_projects\hls_4ML\axi_port_fixed_point\solution1\.autopilot\db\utils.pp.0.cpp:32204:5: note: FIX-IT applied suggested code changes
F:\vivado_projects\hls_4ML\axi_port_fixed_point\solution1\.autopilot\db\utils.pp.0.cpp:32218:5: warning: Added loop label VITIS_LOOP_704_1:   [xilinx-label-all-loops]
    for (unsigned i = low; i != high; ++i) {
    ^~~
    VITIS_LOOP_704_1: 
F:\vivado_projects\hls_4ML\axi_port_fixed_point\solution1\.autopilot\db\utils.pp.0.cpp:32218:5: note: FIX-IT applied suggested code changes
F:\vivado_projects\hls_4ML\axi_port_fixed_point\solution1\.autopilot\db\utils.pp.0.cpp:33835:7: warning: Added loop label VITIS_LOOP_1247_1:   [xilinx-label-all-loops]
      for (i = 0; i < __N - 1; ++i) {
      ^~~
      VITIS_LOOP_1247_1: 
F:\vivado_projects\hls_4ML\axi_port_fixed_point\solution1\.autopilot\db\utils.pp.0.cpp:33835:7: note: FIX-IT applied suggested code changes
F:\vivado_projects\hls_4ML\axi_port_fixed_point\solution1\.autopilot\db\utils.pp.0.cpp:36950:2: warning: Added loop label VITIS_LOOP_9_1:   [xilinx-label-all-loops]
 for(int i=0; i<5; i++)
 ^~~
 VITIS_LOOP_9_1: 
F:\vivado_projects\hls_4ML\axi_port_fixed_point\solution1\.autopilot\db\utils.pp.0.cpp:36950:2: note: FIX-IT applied suggested code changes
F:\vivado_projects\hls_4ML\axi_port_fixed_point\solution1\.autopilot\db\utils.pp.0.cpp:36953:3: warning: Added loop label VITIS_LOOP_12_2:   [xilinx-label-all-loops]
  for(int ii=0; ii<10; ii++)
  ^~~
  VITIS_LOOP_12_2: 
F:\vivado_projects\hls_4ML\axi_port_fixed_point\solution1\.autopilot\db\utils.pp.0.cpp:36953:3: note: FIX-IT applied suggested code changes
F:\vivado_projects\hls_4ML\axi_port_fixed_point\solution1\.autopilot\db\utils.pp.0.cpp:36966:2: warning: Added loop label VITIS_LOOP_25_1:   [xilinx-label-all-loops]
 for(int i=0; i<5; i++)
 ^~~
 VITIS_LOOP_25_1: 
F:\vivado_projects\hls_4ML\axi_port_fixed_point\solution1\.autopilot\db\utils.pp.0.cpp:36966:2: note: FIX-IT applied suggested code changes
F:\vivado_projects\hls_4ML\axi_port_fixed_point\solution1\.autopilot\db\utils.pp.0.cpp:36969:3: warning: Added loop label VITIS_LOOP_28_2:   [xilinx-label-all-loops]
  for(int ii=0; ii<10; ii++)
  ^~~
  VITIS_LOOP_28_2: 
F:\vivado_projects\hls_4ML\axi_port_fixed_point\solution1\.autopilot\db\utils.pp.0.cpp:36969:3: note: FIX-IT applied suggested code changes
F:\vivado_projects\hls_4ML\axi_port_fixed_point\solution1\.autopilot\db\utils.pp.0.cpp:36981:2: warning: Added loop label VITIS_LOOP_40_1:   [xilinx-label-all-loops]
 for(int i=0; i< 50; i++)
 ^~~
 VITIS_LOOP_40_1: 
F:\vivado_projects\hls_4ML\axi_port_fixed_point\solution1\.autopilot\db\utils.pp.0.cpp:36981:2: note: FIX-IT applied suggested code changes
