================================================================
== Design Size Report
================================================================

* Total Instructions per Compilation Phase
+---------------+-----------------------------+--------------+----------------------------------------------------------------------------------------+
| Phase         | Step                        | Instructions | Description                                                                            |
+---------------+-----------------------------+--------------+----------------------------------------------------------------------------------------+
| Compile/Link  |                             | 420          | After all functions are compiled and linked into a single design                       |
|               |                             |              |                                                                                        |
| Unroll/Inline |                             |              | After user unroll and inline pragmas are applied                                       |
|               | (1) unroll                  |  91          | user unroll pragmas are applied                                                        |
|               | (2) simplification          |  71          | simplification of applied user unroll pragmas                                          |
|               | (3) inline                  |  70          | user inline pragmas are applied                                                        |
|               | (4) simplification          |  69          | simplification of applied user inline pragmas                                          |
|               |                             |              |                                                                                        |
| Array/Struct  |                             |              | After user array partition and struct aggregate/disaggregate pragmas are applied       |
|               | (1) array partition         |  71          | user array partition pragmas are applied                                               |
|               | (2) simplification          |  71          | simplification of applied user array partition & struct aggregate/disaggregate pragmas |
|               | (3) aggregate/disaggregate  |  71          | user struct aggregate/disaggregate pragmas are applied                                 |
|               | (4) array reshape           |  71          | apply array reshape pragmas                                                            |
|               | (5) access patterns         |  76          | array access pattern optmizations                                                      |
|               |                             |              |                                                                                        |
| Performance   |                             |              | After transformations are applied to meet performance pragma targets                   |
|               | (1) loop simplification     |  73          | loop and instruction simplification                                                    |
|               | (2) parallelization         | 147          | loops are unrolled or pipelined to meet performance targets                            |
|               | (3) array partition         | 460          | arrays are partitioned to meet performance targets                                     |
|               | (4) simplification          | 214          | simplification of design after performance transformations                             |
|               |                             |              |                                                                                        |
| HW Transforms |                             |              | After hardware transfomations                                                          |
|               | (1) lowering                | 186          | initial conversion to HW specific instructions                                         |
|               | (2) optimizations           | 198          | high level synthesis optimizations                                                     |
+---------------+-----------------------------+--------------+----------------------------------------------------------------------------------------+

* Instructions per Function for each Compilation Phase
+-----------------+---------------------+--------------+---------------+--------------+-------------+---------------+
| Function        | Location            | Compile/Link | Unroll/Inline | Array/Struct | Performance | HW Transforms |
+-----------------+---------------------+--------------+---------------+--------------+-------------+---------------+
| + mem_streaming | mem_streaming.cpp:4 | 420          | 69            | 76           | 214         | 198           |
|    load_data    | utils.cpp:4         | 120          |               |              |             |               |
|    data_process | utils.cpp:36        | 124          |               |              |             |               |
|    send_data    | utils.cpp:20        | 161          |               |              |             |               |
+-----------------+---------------------+--------------+---------------+--------------+-------------+---------------+

* Design Size Message Settings
+---------------------------------------------+--------+------------------------------------------------------------------+
| Message Setting                             | Value  | Description                                                      |
+---------------------------------------------+--------+------------------------------------------------------------------+
| config_compile -design_size_maximum_warning | 100000 | Show a warning when total design instructions exceeds this value |
+---------------------------------------------+--------+------------------------------------------------------------------+


